<?xml version="1.0" encoding="UTF-8"?>
<testsuite xmlns:xsi="http://www.w3.org/2001/XMLSchema-instance" xsi:noNamespaceSchemaLocation="https://maven.apache.org/surefire/maven-surefire-plugin/xsd/surefire-test-report-3.0.xsd" version="3.0" name="GameControllerTest" time="0.145" tests="2" errors="0" skipped="0" failures="0">
  <properties>
    <property name="java.specification.version" value="21"/>
    <property name="sun.cpu.isalist" value="amd64"/>
    <property name="sun.jnu.encoding" value="Cp1252"/>
    <property name="java.class.path" value="C:\Users\nicol\Documents\Projects\JavaBattleship\javabattleship\target\test-classes;C:\Users\nicol\Documents\Projects\JavaBattleship\javabattleship\target\classes;C:\Users\nicol\.m2\repository\org\junit\surefire-junit5\5.0.0-ALPHA\surefire-junit5-5.0.0-ALPHA.jar;C:\Users\nicol\.m2\repository\org\junit\junit4-engine\5.0.0-ALPHA\junit4-engine-5.0.0-ALPHA.jar;C:\Users\nicol\.m2\repository\junit\junit\4.12\junit-4.12.jar;C:\Users\nicol\.m2\repository\org\hamcrest\hamcrest-core\1.3\hamcrest-core-1.3.jar;C:\Users\nicol\.m2\repository\org\junit\junit-engine-api\5.0.0-ALPHA\junit-engine-api-5.0.0-ALPHA.jar;C:\Users\nicol\.m2\repository\org\junit\junit-commons\5.0.0-ALPHA\junit-commons-5.0.0-ALPHA.jar;C:\Users\nicol\.m2\repository\org\opentest4j\opentest4j\1.0.0-ALPHA\opentest4j-1.0.0-ALPHA.jar;C:\Users\nicol\.m2\repository\org\apache\maven\surefire\surefire-api\2.19\surefire-api-2.19.jar;C:\Users\nicol\.m2\repository\org\apache\maven\surefire\common-java5\2.19\common-java5-2.19.jar;C:\Users\nicol\.m2\repository\org\junit\junit-launcher\5.0.0-ALPHA\junit-launcher-5.0.0-ALPHA.jar;C:\Users\nicol\.m2\repository\org\junit\junit5-engine\5.0.0-ALPHA\junit5-engine-5.0.0-ALPHA.jar;C:\Users\nicol\.m2\repository\org\junit\junit5-api\5.0.0-ALPHA\junit5-api-5.0.0-ALPHA.jar;"/>
    <property name="java.vm.vendor" value="Oracle Corporation"/>
    <property name="sun.arch.data.model" value="64"/>
    <property name="user.variant" value=""/>
    <property name="java.vendor.url" value="https://java.oracle.com/"/>
    <property name="user.timezone" value="America/Toronto"/>
    <property name="os.name" value="Windows 11"/>
    <property name="java.vm.specification.version" value="21"/>
    <property name="sun.java.launcher" value="SUN_STANDARD"/>
    <property name="user.country" value="US"/>
    <property name="sun.boot.library.path" value="C:\Program Files\Java\jdk-21\bin"/>
    <property name="sun.java.command" value="C:\Users\nicol\AppData\Local\Temp\surefire9729116109393363784\surefirebooter-20240219153306363_3.jar C:\Users\nicol\AppData\Local\Temp\surefire9729116109393363784 2024-02-19T15-33-06_267-jvmRun1 surefire-20240219153306363_1tmp surefire_0-20240219153306363_2tmp"/>
    <property name="jdk.debug" value="release"/>
    <property name="surefire.test.class.path" value="C:\Users\nicol\Documents\Projects\JavaBattleship\javabattleship\target\test-classes;C:\Users\nicol\Documents\Projects\JavaBattleship\javabattleship\target\classes;C:\Users\nicol\.m2\repository\org\junit\surefire-junit5\5.0.0-ALPHA\surefire-junit5-5.0.0-ALPHA.jar;C:\Users\nicol\.m2\repository\org\junit\junit4-engine\5.0.0-ALPHA\junit4-engine-5.0.0-ALPHA.jar;C:\Users\nicol\.m2\repository\junit\junit\4.12\junit-4.12.jar;C:\Users\nicol\.m2\repository\org\hamcrest\hamcrest-core\1.3\hamcrest-core-1.3.jar;C:\Users\nicol\.m2\repository\org\junit\junit-engine-api\5.0.0-ALPHA\junit-engine-api-5.0.0-ALPHA.jar;C:\Users\nicol\.m2\repository\org\junit\junit-commons\5.0.0-ALPHA\junit-commons-5.0.0-ALPHA.jar;C:\Users\nicol\.m2\repository\org\opentest4j\opentest4j\1.0.0-ALPHA\opentest4j-1.0.0-ALPHA.jar;C:\Users\nicol\.m2\repository\org\apache\maven\surefire\surefire-api\2.19\surefire-api-2.19.jar;C:\Users\nicol\.m2\repository\org\apache\maven\surefire\common-java5\2.19\common-java5-2.19.jar;C:\Users\nicol\.m2\repository\org\junit\junit-launcher\5.0.0-ALPHA\junit-launcher-5.0.0-ALPHA.jar;C:\Users\nicol\.m2\repository\org\junit\junit5-engine\5.0.0-ALPHA\junit5-engine-5.0.0-ALPHA.jar;C:\Users\nicol\.m2\repository\org\junit\junit5-api\5.0.0-ALPHA\junit5-api-5.0.0-ALPHA.jar;"/>
    <property name="sun.cpu.endian" value="little"/>
    <property name="user.home" value="C:\Users\nicol"/>
    <property name="user.language" value="en"/>
    <property name="java.specification.vendor" value="Oracle Corporation"/>
    <property name="java.version.date" value="2023-10-17"/>
    <property name="java.home" value="C:\Program Files\Java\jdk-21"/>
    <property name="file.separator" value="\"/>
    <property name="basedir" value="C:\Users\nicol\Documents\Projects\JavaBattleship\javabattleship"/>
    <property name="java.vm.compressedOopsMode" value="Zero based"/>
    <property name="line.separator" value="&#10;"/>
    <property name="java.vm.specification.vendor" value="Oracle Corporation"/>
    <property name="java.specification.name" value="Java Platform API Specification"/>
    <property name="surefire.real.class.path" value="C:\Users\nicol\AppData\Local\Temp\surefire9729116109393363784\surefirebooter-20240219153306363_3.jar"/>
    <property name="user.script" value=""/>
    <property name="sun.management.compiler" value="HotSpot 64-Bit Tiered Compilers"/>
    <property name="java.runtime.version" value="21.0.1+12-LTS-29"/>
    <property name="user.name" value="nicol"/>
    <property name="stdout.encoding" value="Cp1252"/>
    <property name="path.separator" value=";"/>
    <property name="os.version" value="10.0"/>
    <property name="java.runtime.name" value="Java(TM) SE Runtime Environment"/>
    <property name="file.encoding" value="UTF-8"/>
    <property name="java.vm.name" value="Java HotSpot(TM) 64-Bit Server VM"/>
    <property name="localRepository" value="C:\Users\nicol\.m2\repository"/>
    <property name="java.vendor.url.bug" value="https://bugreport.java.com/bugreport/"/>
    <property name="java.io.tmpdir" value="C:\Users\nicol\AppData\Local\Temp\"/>
    <property name="java.version" value="21.0.1"/>
    <property name="user.dir" value="C:\Users\nicol\Documents\Projects\JavaBattleship\javabattleship"/>
    <property name="os.arch" value="amd64"/>
    <property name="java.vm.specification.name" value="Java Virtual Machine Specification"/>
    <property name="sun.os.patch.level" value=""/>
    <property name="native.encoding" value="Cp1252"/>
    <property name="java.library.path" value="C:\Program Files\Java\jdk-21\bin;C:\WINDOWS\Sun\Java\bin;C:\WINDOWS\system32;C:\WINDOWS;C:\Program Files\Common Files\Oracle\Java\javapath;C:\Program Files\Oculus\Support\oculus-runtime;C:\Program Files (x86)\NVIDIA Corporation\PhysX\Common;C:\Users\nicol\AppData\Local\Programs\Python\Python310\Scripts\;C:\Users\nicol\AppData\Local\Programs\Python\Python310\;C:\Program Files\Java\jdk1.8.0_241\bin;C:\Users\nicol\AppData\Local\Programs\Microsoft VS Code\bin;C:\Users\nicol\AppData\Roaming\Microsoft\Windows\Start Menu\Programs\Python 3.10;C:\Program Files\Git\cmd;C:\Program Files\Microsoft SQL Server\Client SDK\ODBC\170\Tools\Binn\;C:\Program Files (x86)\Microsoft SQL Server\150\Tools\Binn\;C:\Program Files\Microsoft SQL Server\150\Tools\Binn\;C:\Program Files\Microsoft SQL Server\150\DTS\Binn\;C:\Program Files (x86)\Windows Kits\8.1\Windows Performance Toolkit\;C:\Program Files\NVIDIA Corporation\NVIDIA NvDLISR;C:\Program Files\dotnet\;C:\Program Files\nodejs\;C:\WINDOWS\system32;C:\WINDOWS;C:\WINDOWS\System32\Wbem;C:\WINDOWS\System32\WindowsPowerShell\v1.0\;C:\WINDOWS\System32\OpenSSH\;%JAVA_HOME%\bin;C:\Program Files\Apache\apache-maven-3.9.6\bin;C:\Program Files\MySQL\MySQL Shell 8.0\bin\;C:\Users\nicol\AppData\Local\Programs\Python\Python310\Scripts\;C:\Users\nicol\AppData\Local\Programs\Python\Python310\;C:\Program Files\Java\jdk1.8.0_241\bin;C:\Users\nicol\AppData\Local\Programs\Microsoft VS Code\bin;C:\Users\nicol\AppData\Roaming\Microsoft\Windows\Start Menu\Programs\Python 3.10;C:\Users\nicol\AppData\Roaming\npm;C:\Users\nicol\AppData\Local\Microsoft\WindowsApps;C:\Program Files\JetBrains\IntelliJ IDEA Community Edition 2023.2.4\bin;;C:\Program Files\Apache\apache-maven-3.9.6\bin\bin;;."/>
    <property name="java.vm.info" value="mixed mode, sharing"/>
    <property name="stderr.encoding" value="Cp1252"/>
    <property name="java.vendor" value="Oracle Corporation"/>
    <property name="java.vm.version" value="21.0.1+12-LTS-29"/>
    <property name="sun.io.unicode.encoding" value="UnicodeLittle"/>
    <property name="java.class.version" value="65.0"/>
  </properties>
  <testcase name="GameTerminates" classname="GameControllerTest" time="0.143">
    <system-out><![CDATA[&amp#27;[H&amp#27;[2JEnemy Board | Ships left: 5
. . . . . . . . . . 
. . . . . . . . . . 
. . . . . . . . . . 
. . . . . . . . . . 
. . . . . . . . . . 
. . . . . . . . . . 
. . . . . . . . . . 
. . . . . . . . . . 
. . . . . . . . . . 
. . . . . . . . . . 
Your Board | Ships left: 5
. . . . . . . . . . 
. . . . . . . . . . 
. . . . . . . . . . 
. . . . . . . . . . 
. . . . . . . . . . 
. . . . . . . . . . 
. . . . . . . . . . 
. . . . . . . . . . 
. . . . . . . . . . 
. . . . . . . . . . 
&amp#27;[H&amp#27;[2JEnemy Board | Ships left: 5 | hit at 24
. . . . . . . . . . 
. . . . . . . . . . 
. . . . x . . . . . 
. . . . . . . . . . 
. . . . . . . . . . 
. . . . . . . . . . 
. . . . . . . . . . 
. . . . . . . . . . 
. . . . . . . . . . 
. . . . . . . . . . 
Your Board | Ships left: 5 | miss at 25
. . . . . . . . . . 
. . . . . . . . . . 
. . . . . o . . . . 
. . . . . . . . . . 
. . . . . . . . . . 
. . . . . . . . . . 
. . . . . . . . . . 
. . . . . . . . . . 
. . . . . . . . . . 
. . . . . . . . . . 
&amp#27;[H&amp#27;[2JEnemy Board | Ships left: 5 | miss at 91
. . . . . . . . . . 
. . . . . . . . . . 
. . . . x . . . . . 
. . . . . . . . . . 
. . . . . . . . . . 
. . . . . . . . . . 
. . . . . . . . . . 
. . . . . . . . . . 
. . . . . . . . . . 
. o . . . . . . . . 
Your Board | Ships left: 5 | miss at 98
. . . . . . . . . . 
. . . . . . . . . . 
. . . . . o . . . . 
. . . . . . . . . . 
. . . . . . . . . . 
. . . . . . . . . . 
. . . . . . . . . . 
. . . . . . . . . . 
. . . . . . . . . . 
. . . . . . . . o . 
&amp#27;[H&amp#27;[2JEnemy Board | Ships left: 5 | miss at 89
. . . . . . . . . . 
. . . . . . . . . . 
. . . . x . . . . . 
. . . . . . . . . . 
. . . . . . . . . . 
. . . . . . . . . . 
. . . . . . . . . . 
. . . . . . . . . . 
. . . . . . . . . o 
. o . . . . . . . . 
Your Board | Ships left: 5 | miss at 47
. . . . . . . . . . 
. . . . . . . . . . 
. . . . . o . . . . 
. . . . . . . . . . 
. . . . . . . o . . 
. . . . . . . . . . 
. . . . . . . . . . 
. . . . . . . . . . 
. . . . . . . . . . 
. . . . . . . . o . 
&amp#27;[H&amp#27;[2JEnemy Board | Ships left: 5 | miss at 99
. . . . . . . . . . 
. . . . . . . . . . 
. . . . x . . . . . 
. . . . . . . . . . 
. . . . . . . . . . 
. . . . . . . . . . 
. . . . . . . . . . 
. . . . . . . . . . 
. . . . . . . . . o 
. o . . . . . . . o 
Your Board | Ships left: 5 | miss at 02
. . o . . . . . . . 
. . . . . . . . . . 
. . . . . o . . . . 
. . . . . . . . . . 
. . . . . . . o . . 
. . . . . . . . . . 
. . . . . . . . . . 
. . . . . . . . . . 
. . . . . . . . . . 
. . . . . . . . o . 
&amp#27;[H&amp#27;[2JEnemy Board | Ships left: 5 | miss at 82
. . . . . . . . . . 
. . . . . . . . . . 
. . . . x . . . . . 
. . . . . . . . . . 
. . . . . . . . . . 
. . . . . . . . . . 
. . . . . . . . . . 
. . . . . . . . . . 
. . o . . . . . . o 
. o . . . . . . . o 
Your Board | Ships left: 5 | miss at 19
. . o . . . . . . . 
. . . . . . . . . o 
. . . . . o . . . . 
. . . . . . . . . . 
. . . . . . . o . . 
. . . . . . . . . . 
. . . . . . . . . . 
. . . . . . . . . . 
. . . . . . . . . . 
. . . . . . . . o . 
&amp#27;[H&amp#27;[2JEnemy Board | Ships left: 5 | miss at 86
. . . . . . . . . . 
. . . . . . . . . . 
. . . . x . . . . . 
. . . . . . . . . . 
. . . . . . . . . . 
. . . . . . . . . . 
. . . . . . . . . . 
. . . . . . . . . . 
. . o . . . o . . o 
. o . . . . . . . o 
Your Board | Ships left: 5 | hit at 10
. . o . . . . . . . 
x . . . . . . . . o 
. . . . . o . . . . 
. . . . . . . . . . 
. . . . . . . o . . 
. . . . . . . . . . 
. . . . . . . . . . 
. . . . . . . . . . 
. . . . . . . . . . 
. . . . . . . . o . 
&amp#27;[H&amp#27;[2JEnemy Board | Ships left: 5 | miss at 78
. . . . . . . . . . 
. . . . . . . . . . 
. . . . x . . . . . 
. . . . . . . . . . 
. . . . . . . . . . 
. . . . . . . . . . 
. . . . . . . . . . 
. . . . . . . . o . 
. . o . . . o . . o 
. o . . . . . . . o 
Your Board | Ships left: 5 | miss at 52
. . o . . . . . . . 
x . . . . . . . . o 
. . . . . o . . . . 
. . . . . . . . . . 
. . . . . . . o . . 
. . o . . . . . . . 
. . . . . . . . . . 
. . . . . . . . . . 
. . . . . . . . . . 
. . . . . . . . o . 
&amp#27;[H&amp#27;[2JEnemy Board | Ships left: 5 | miss at 68
. . . . . . . . . . 
. . . . . . . . . . 
. . . . x . . . . . 
. . . . . . . . . . 
. . . . . . . . . . 
. . . . . . . . . . 
. . . . . . . . o . 
. . . . . . . . o . 
. . o . . . o . . o 
. o . . . . . . . o 
Your Board | Ships left: 5 | miss at 40
. . o . . . . . . . 
x . . . . . . . . o 
. . . . . o . . . . 
. . . . . . . . . . 
o . . . . . . o . . 
. . o . . . . . . . 
. . . . . . . . . . 
. . . . . . . . . . 
. . . . . . . . . . 
. . . . . . . . o . 
&amp#27;[H&amp#27;[2JEnemy Board | Ships left: 5 | miss at 18
. . . . . . . . . . 
. . . . . . . . o . 
. . . . x . . . . . 
. . . . . . . . . . 
. . . . . . . . . . 
. . . . . . . . . . 
. . . . . . . . o . 
. . . . . . . . o . 
. . o . . . o . . o 
. o . . . . . . . o 
Your Board | Ships left: 5 | miss at 53
. . o . . . . . . . 
x . . . . . . . . o 
. . . . . o . . . . 
. . . . . . . . . . 
o . . . . . . o . . 
. . o o . . . . . . 
. . . . . . . . . . 
. . . . . . . . . . 
. . . . . . . . . . 
. . . . . . . . o . 
&amp#27;[H&amp#27;[2JEnemy Board | Ships left: 5 | miss at 33
. . . . . . . . . . 
. . . . . . . . o . 
. . . . x . . . . . 
. . . o . . . . . . 
. . . . . . . . . . 
. . . . . . . . . . 
. . . . . . . . o . 
. . . . . . . . o . 
. . o . . . o . . o 
. o . . . . . . . o 
Your Board | Ships left: 5 | miss at 99
. . o . . . . . . . 
x . . . . . . . . o 
. . . . . o . . . . 
. . . . . . . . . . 
o . . . . . . o . . 
. . o o . . . . . . 
. . . . . . . . . . 
. . . . . . . . . . 
. . . . . . . . . . 
. . . . . . . . o o 
&amp#27;[H&amp#27;[2JEnemy Board | Ships left: 5 | miss at 31
. . . . . . . . . . 
. . . . . . . . o . 
. . . . x . . . . . 
. o . o . . . . . . 
. . . . . . . . . . 
. . . . . . . . . . 
. . . . . . . . o . 
. . . . . . . . o . 
. . o . . . o . . o 
. o . . . . . . . o 
Your Board | Ships left: 5 | hit at 20
. . o . . . . . . . 
x . . . . . . . . o 
x . . . . o . . . . 
. . . . . . . . . . 
o . . . . . . o . . 
. . o o . . . . . . 
. . . . . . . . . . 
. . . . . . . . . . 
. . . . . . . . . . 
. . . . . . . . o o 
&amp#27;[H&amp#27;[2JEnemy Board | Ships left: 5 | hit at 23
. . . . . . . . . . 
. . . . . . . . o . 
. . . x x . . . . . 
. o . o . . . . . . 
. . . . . . . . . . 
. . . . . . . . . . 
. . . . . . . . o . 
. . . . . . . . o . 
. . o . . . o . . o 
. o . . . . . . . o 
Your Board | Ships left: 5 | miss at 97
. . o . . . . . . . 
x . . . . . . . . o 
x . . . . o . . . . 
. . . . . . . . . . 
o . . . . . . o . . 
. . o o . . . . . . 
. . . . . . . . . . 
. . . . . . . . . . 
. . . . . . . . . . 
. . . . . . . o o o 
&amp#27;[H&amp#27;[2JEnemy Board | Ships left: 5 | miss at 84
. . . . . . . . . . 
. . . . . . . . o . 
. . . x x . . . . . 
. o . o . . . . . . 
. . . . . . . . . . 
. . . . . . . . . . 
. . . . . . . . o . 
. . . . . . . . o . 
. . o . o . o . . o 
. o . . . . . . . o 
Your Board | Ships left: 5 | miss at 79
. . o . . . . . . . 
x . . . . . . . . o 
x . . . . o . . . . 
. . . . . . . . . . 
o . . . . . . o . . 
. . o o . . . . . . 
. . . . . . . . . . 
. . . . . . . . . o 
. . . . . . . . . . 
. . . . . . . o o o 
&amp#27;[H&amp#27;[2JEnemy Board | Ships left: 5 | miss at 51
. . . . . . . . . . 
. . . . . . . . o . 
. . . x x . . . . . 
. o . o . . . . . . 
. . . . . . . . . . 
. o . . . . . . . . 
. . . . . . . . o . 
. . . . . . . . o . 
. . o . o . o . . o 
. o . . . . . . . o 
Your Board | Ships left: 5 | miss at 69
. . o . . . . . . . 
x . . . . . . . . o 
x . . . . o . . . . 
. . . . . . . . . . 
o . . . . . . o . . 
. . o o . . . . . . 
. . . . . . . . . o 
. . . . . . . . . o 
. . . . . . . . . . 
. . . . . . . o o o 
&amp#27;[H&amp#27;[2JEnemy Board | Ships left: 5 | miss at 60
. . . . . . . . . . 
. . . . . . . . o . 
. . . x x . . . . . 
. o . o . . . . . . 
. . . . . . . . . . 
. o . . . . . . . . 
o . . . . . . . o . 
. . . . . . . . o . 
. . o . o . o . . o 
. o . . . . . . . o 
Your Board | Ships left: 5 | miss at 88
. . o . . . . . . . 
x . . . . . . . . o 
x . . . . o . . . . 
. . . . . . . . . . 
o . . . . . . o . . 
. . o o . . . . . . 
. . . . . . . . . o 
. . . . . . . . . o 
. . . . . . . . o . 
. . . . . . . o o o 
&amp#27;[H&amp#27;[2JEnemy Board | Ships left: 5 | miss at 29
. . . . . . . . . . 
. . . . . . . . o . 
. . . x x . . . . o 
. o . o . . . . . . 
. . . . . . . . . . 
. o . . . . . . . . 
o . . . . . . . o . 
. . . . . . . . o . 
. . o . o . o . . o 
. o . . . . . . . o 
Your Board | Ships left: 5 | hit at 41
. . o . . . . . . . 
x . . . . . . . . o 
x . . . . o . . . . 
. . . . . . . . . . 
o x . . . . . o . . 
. . o o . . . . . . 
. . . . . . . . . o 
. . . . . . . . . o 
. . . . . . . . o . 
. . . . . . . o o o 
&amp#27;[H&amp#27;[2JEnemy Board | Ships left: 5 | hit at 25
. . . . . . . . . . 
. . . . . . . . o . 
. . . x x x . . . o 
. o . o . . . . . . 
. . . . . . . . . . 
. o . . . . . . . . 
o . . . . . . . o . 
. . . . . . . . o . 
. . o . o . o . . o 
. o . . . . . . . o 
Your Board | Ships left: 5 | miss at 18
. . o . . . . . . . 
x . . . . . . . o o 
x . . . . o . . . . 
. . . . . . . . . . 
o x . . . . . o . . 
. . o o . . . . . . 
. . . . . . . . . o 
. . . . . . . . . o 
. . . . . . . . o . 
. . . . . . . o o o 
&amp#27;[H&amp#27;[2JEnemy Board | Ships left: 5 | miss at 17
. . . . . . . . . . 
. . . . . . . o o . 
. . . x x x . . . o 
. o . o . . . . . . 
. . . . . . . . . . 
. o . . . . . . . . 
o . . . . . . . o . 
. . . . . . . . o . 
. . o . o . o . . o 
. o . . . . . . . o 
Your Board | Ships left: 5 | miss at 49
. . o . . . . . . . 
x . . . . . . . o o 
x . . . . o . . . . 
. . . . . . . . . . 
o x . . . . . o . o 
. . o o . . . . . . 
. . . . . . . . . o 
. . . . . . . . . o 
. . . . . . . . o . 
. . . . . . . o o o 
&amp#27;[H&amp#27;[2JEnemy Board | Ships left: 5 | miss at 65
. . . . . . . . . . 
. . . . . . . o o . 
. . . x x x . . . o 
. o . o . . . . . . 
. . . . . . . . . . 
. o . . . . . . . . 
o . . . . o . . o . 
. . . . . . . . o . 
. . o . o . o . . o 
. o . . . . . . . o 
Your Board | Ships left: 5 | hit at 11
. . o . . . . . . . 
x x . . . . . . o o 
x . . . . o . . . . 
. . . . . . . . . . 
o x . . . . . o . o 
. . o o . . . . . . 
. . . . . . . . . o 
. . . . . . . . . o 
. . . . . . . . o . 
. . . . . . . o o o 
&amp#27;[H&amp#27;[2JEnemy Board | Ships left: 5 | miss at 41
. . . . . . . . . . 
. . . . . . . o o . 
. . . x x x . . . o 
. o . o . . . . . . 
. o . . . . . . . . 
. o . . . . . . . . 
o . . . . o . . o . 
. . . . . . . . o . 
. . o . o . o . . o 
. o . . . . . . . o 
Your Board | Ships left: 5 | miss at 32
. . o . . . . . . . 
x x . . . . . . o o 
x . . . . o . . . . 
. . o . . . . . . . 
o x . . . . . o . o 
. . o o . . . . . . 
. . . . . . . . . o 
. . . . . . . . . o 
. . . . . . . . o . 
. . . . . . . o o o 
&amp#27;[H&amp#27;[2JEnemy Board | Ships left: 5 | miss at 19
. . . . . . . . . . 
. . . . . . . o o o 
. . . x x x . . . o 
. o . o . . . . . . 
. o . . . . . . . . 
. o . . . . . . . . 
o . . . . o . . o . 
. . . . . . . . o . 
. . o . o . o . . o 
. o . . . . . . . o 
Your Board | Ships left: 5 | miss at 33
. . o . . . . . . . 
x x . . . . . . o o 
x . . . . o . . . . 
. . o o . . . . . . 
o x . . . . . o . o 
. . o o . . . . . . 
. . . . . . . . . o 
. . . . . . . . . o 
. . . . . . . . o . 
. . . . . . . o o o 
&amp#27;[H&amp#27;[2JEnemy Board | Ships left: 5 | miss at 40
. . . . . . . . . . 
. . . . . . . o o o 
. . . x x x . . . o 
. o . o . . . . . . 
o o . . . . . . . . 
. o . . . . . . . . 
o . . . . o . . o . 
. . . . . . . . o . 
. . o . o . o . . o 
. o . . . . . . . o 
Your Board | Ships left: 5 | miss at 36
. . o . . . . . . . 
x x . . . . . . o o 
x . . . . o . . . . 
. . o o . . o . . . 
o x . . . . . o . o 
. . o o . . . . . . 
. . . . . . . . . o 
. . . . . . . . . o 
. . . . . . . . o . 
. . . . . . . o o o 
&amp#27;[H&amp#27;[2JEnemy Board | Ships left: 5 | miss at 54
. . . . . . . . . . 
. . . . . . . o o o 
. . . x x x . . . o 
. o . o . . . . . . 
o o . . . . . . . . 
. o . . o . . . . . 
o . . . . o . . o . 
. . . . . . . . o . 
. . o . o . o . . o 
. o . . . . . . . o 
Your Board | Ships left: 5 | hit at 54
. . o . . . . . . . 
x x . . . . . . o o 
x . . . . o . . . . 
. . o o . . o . . . 
o x . . . . . o . o 
. . o o x . . . . . 
. . . . . . . . . o 
. . . . . . . . . o 
. . . . . . . . o . 
. . . . . . . o o o 
&amp#27;[H&amp#27;[2JEnemy Board | Ships left: 5 | miss at 36
. . . . . . . . . . 
. . . . . . . o o o 
. . . x x x . . . o 
. o . o . . o . . . 
o o . . . . . . . . 
. o . . o . . . . . 
o . . . . o . . o . 
. . . . . . . . o . 
. . o . o . o . . o 
. o . . . . . . . o 
Your Board | Ships left: 5 | hit at 44
. . o . . . . . . . 
x x . . . . . . o o 
x . . . . o . . . . 
. . o o . . o . . . 
o x . . x . . o . o 
. . o o x . . . . . 
. . . . . . . . . o 
. . . . . . . . . o 
. . . . . . . . o . 
. . . . . . . o o o 
&amp#27;[H&amp#27;[2JEnemy Board | Ships left: 5 | miss at 14
. . . . . . . . . . 
. . . . o . . o o o 
. . . x x x . . . o 
. o . o . . o . . . 
o o . . . . . . . . 
. o . . o . . . . . 
o . . . . o . . o . 
. . . . . . . . o . 
. . o . o . o . . o 
. o . . . . . . . o 
Your Board | Ships left: 5 | miss at 59
. . o . . . . . . . 
x x . . . . . . o o 
x . . . . o . . . . 
. . o o . . o . . . 
o x . . x . . o . o 
. . o o x . . . . o 
. . . . . . . . . o 
. . . . . . . . . o 
. . . . . . . . o . 
. . . . . . . o o o 
&amp#27;[H&amp#27;[2JEnemy Board | Ships left: 5 | miss at 06
. . . . . . o . . . 
. . . . o . . o o o 
. . . x x x . . . o 
. o . o . . o . . . 
o o . . . . . . . . 
. o . . o . . . . . 
o . . . . o . . o . 
. . . . . . . . o . 
. . o . o . o . . o 
. o . . . . . . . o 
Your Board | Ships left: 5 | miss at 80
. . o . . . . . . . 
x x . . . . . . o o 
x . . . . o . . . . 
. . o o . . o . . . 
o x . . x . . o . o 
. . o o x . . . . o 
. . . . . . . . . o 
. . . . . . . . . o 
o . . . . . . . o . 
. . . . . . . o o o 
&amp#27;[H&amp#27;[2JEnemy Board | Ships left: 5 | miss at 88
. . . . . . o . . . 
. . . . o . . o o o 
. . . x x x . . . o 
. o . o . . o . . . 
o o . . . . . . . . 
. o . . o . . . . . 
o . . . . o . . o . 
. . . . . . . . o . 
. . o . o . o . o o 
. o . . . . . . . o 
Your Board | Ships left: 5 | miss at 09
. . o . . . . . . o 
x x . . . . . . o o 
x . . . . o . . . . 
. . o o . . o . . . 
o x . . x . . o . o 
. . o o x . . . . o 
. . . . . . . . . o 
. . . . . . . . . o 
o . . . . . . . o . 
. . . . . . . o o o 
&amp#27;[H&amp#27;[2JEnemy Board | Ships left: 5 | miss at 67
. . . . . . o . . . 
. . . . o . . o o o 
. . . x x x . . . o 
. o . o . . o . . . 
o o . . . . . . . . 
. o . . o . . . . . 
o . . . . o . o o . 
. . . . . . . . o . 
. . o . o . o . o o 
. o . . . . . . . o 
Your Board | Ships left: 5 | miss at 87
. . o . . . . . . o 
x x . . . . . . o o 
x . . . . o . . . . 
. . o o . . o . . . 
o x . . x . . o . o 
. . o o x . . . . o 
. . . . . . . . . o 
. . . . . . . . . o 
o . . . . . . o o . 
. . . . . . . o o o 
&amp#27;[H&amp#27;[2JEnemy Board | Ships left: 5 | miss at 73
. . . . . . o . . . 
. . . . o . . o o o 
. . . x x x . . . o 
. o . o . . o . . . 
o o . . . . . . . . 
. o . . o . . . . . 
o . . . . o . o o . 
. . . o . . . . o . 
. . o . o . o . o o 
. o . . . . . . . o 
Your Board | Ships left: 5 | miss at 75
. . o . . . . . . o 
x x . . . . . . o o 
x . . . . o . . . . 
. . o o . . o . . . 
o x . . x . . o . o 
. . o o x . . . . o 
. . . . . . . . . o 
. . . . . o . . . o 
o . . . . . . o o . 
. . . . . . . o o o 
&amp#27;[H&amp#27;[2JEnemy Board | Ships left: 5 | miss at 83
. . . . . . o . . . 
. . . . o . . o o o 
. . . x x x . . . o 
. o . o . . o . . . 
o o . . . . . . . . 
. o . . o . . . . . 
o . . . . o . o o . 
. . . o . . . . o . 
. . o o o . o . o o 
. o . . . . . . . o 
Your Board | Ships left: 5 | miss at 71
. . o . . . . . . o 
x x . . . . . . o o 
x . . . . o . . . . 
. . o o . . o . . . 
o x . . x . . o . o 
. . o o x . . . . o 
. . . . . . . . . o 
. o . . . o . . . o 
o . . . . . . o o . 
. . . . . . . o o o 
&amp#27;[H&amp#27;[2JEnemy Board | Ships left: 5 | miss at 70
. . . . . . o . . . 
. . . . o . . o o o 
. . . x x x . . . o 
. o . o . . o . . . 
o o . . . . . . . . 
. o . . o . . . . . 
o . . . . o . o o . 
o . . o . . . . o . 
. . o o o . o . o o 
. o . . . . . . . o 
Your Board | Ships left: 5 | miss at 23
. . o . . . . . . o 
x x . . . . . . o o 
x . . o . o . . . . 
. . o o . . o . . . 
o x . . x . . o . o 
. . o o x . . . . o 
. . . . . . . . . o 
. o . . . o . . . o 
o . . . . . . o o . 
. . . . . . . o o o 
&amp#27;[H&amp#27;[2JEnemy Board | Ships left: 5 | miss at 80
. . . . . . o . . . 
. . . . o . . o o o 
. . . x x x . . . o 
. o . o . . o . . . 
o o . . . . . . . . 
. o . . o . . . . . 
o . . . . o . o o . 
o . . o . . . . o . 
o . o o o . o . o o 
. o . . . . . . . o 
Your Board | Ships left: 5 | miss at 74
. . o . . . . . . o 
x x . . . . . . o o 
x . . o . o . . . . 
. . o o . . o . . . 
o x . . x . . o . o 
. . o o x . . . . o 
. . . . . . . . . o 
. o . . o o . . . o 
o . . . . . . o o . 
. . . . . . . o o o 
&amp#27;[H&amp#27;[2JEnemy Board | Ships left: 5 | miss at 50
. . . . . . o . . . 
. . . . o . . o o o 
. . . x x x . . . o 
. o . o . . o . . . 
o o . . . . . . . . 
o o . . o . . . . . 
o . . . . o . o o . 
o . . o . . . . o . 
o . o o o . o . o o 
. o . . . . . . . o 
Your Board | Ships left: 5 | miss at 56
. . o . . . . . . o 
x x . . . . . . o o 
x . . o . o . . . . 
. . o o . . o . . . 
o x . . x . . o . o 
. . o o x . o . . o 
. . . . . . . . . o 
. o . . o o . . . o 
o . . . . . . o o . 
. . . . . . . o o o 
&amp#27;[H&amp#27;[2JEnemy Board | Ships left: 5 | miss at 37
. . . . . . o . . . 
. . . . o . . o o o 
. . . x x x . . . o 
. o . o . . o o . . 
o o . . . . . . . . 
o o . . o . . . . . 
o . . . . o . o o . 
o . . o . . . . o . 
o . o o o . o . o o 
. o . . . . . . . o 
Your Board | Ships left: 5 | miss at 93
. . o . . . . . . o 
x x . . . . . . o o 
x . . o . o . . . . 
. . o o . . o . . . 
o x . . x . . o . o 
. . o o x . o . . o 
. . . . . . . . . o 
. o . . o o . . . o 
o . . . . . . o o . 
. . . o . . . o o o 
&amp#27;[H&amp#27;[2JEnemy Board | Ships left: 5 | hit at 12
. . . . . . o . . . 
. . x . o . . o o o 
. . . x x x . . . o 
. o . o . . o o . . 
o o . . . . . . . . 
o o . . o . . . . . 
o . . . . o . o o . 
o . . o . . . . o . 
o . o o o . o . o o 
. o . . . . . . . o 
Your Board | Ships left: 5 | miss at 83
. . o . . . . . . o 
x x . . . . . . o o 
x . . o . o . . . . 
. . o o . . o . . . 
o x . . x . . o . o 
. . o o x . o . . o 
. . . . . . . . . o 
. o . . o o . . . o 
o . . o . . . o o . 
. . . o . . . o o o 
&amp#27;[H&amp#27;[2JEnemy Board | Ships left: 5 | miss at 74
. . . . . . o . . . 
. . x . o . . o o o 
. . . x x x . . . o 
. o . o . . o o . . 
o o . . . . . . . . 
o o . . o . . . . . 
o . . . . o . o o . 
o . . o o . . . o . 
o . o o o . o . o o 
. o . . . . . . . o 
Your Board | Ships left: 5 | miss at 42
. . o . . . . . . o 
x x . . . . . . o o 
x . . o . o . . . . 
. . o o . . o . . . 
o x o . x . . o . o 
. . o o x . o . . o 
. . . . . . . . . o 
. o . . o o . . . o 
o . . o . . . o o . 
. . . o . . . o o o 
&amp#27;[H&amp#27;[2JEnemy Board | Ships left: 5 | miss at 96
. . . . . . o . . . 
. . x . o . . o o o 
. . . x x x . . . o 
. o . o . . o o . . 
o o . . . . . . . . 
o o . . o . . . . . 
o . . . . o . o o . 
o . . o o . . . o . 
o . o o o . o . o o 
. o . . . . o . . o 
Your Board | Ships left: 5 | miss at 63
. . o . . . . . . o 
x x . . . . . . o o 
x . . o . o . . . . 
. . o o . . o . . . 
o x o . x . . o . o 
. . o o x . o . . o 
. . . o . . . . . o 
. o . . o o . . . o 
o . . o . . . o o . 
. . . o . . . o o o 
&amp#27;[H&amp#27;[2JEnemy Board | Ships left: 5 | hit at 44
. . . . . . o . . . 
. . x . o . . o o o 
. . . x x x . . . o 
. o . o . . o o . . 
o o . . x . . . . . 
o o . . o . . . . . 
o . . . . o . o o . 
o . . o o . . . o . 
o . o o o . o . o o 
. o . . . . o . . o 
Your Board | Ships left: 5 | miss at 67
. . o . . . . . . o 
x x . . . . . . o o 
x . . o . o . . . . 
. . o o . . o . . . 
o x o . x . . o . o 
. . o o x . o . . o 
. . . o . . . o . o 
. o . . o o . . . o 
o . . o . . . o o . 
. . . o . . . o o o 
&amp#27;[H&amp#27;[2JEnemy Board | Ships left: 5 | miss at 46
. . . . . . o . . . 
. . x . o . . o o o 
. . . x x x . . . o 
. o . o . . o o . . 
o o . . x . o . . . 
o o . . o . . . . . 
o . . . . o . o o . 
o . . o o . . . o . 
o . o o o . o . o o 
. o . . . . o . . o 
Your Board | Ships left: 5 | miss at 72
. . o . . . . . . o 
x x . . . . . . o o 
x . . o . o . . . . 
. . o o . . o . . . 
o x o . x . . o . o 
. . o o x . o . . o 
. . . o . . . o . o 
. o o . o o . . . o 
o . . o . . . o o . 
. . . o . . . o o o 
&amp#27;[H&amp#27;[2JEnemy Board | Ships left: 5 | miss at 98
. . . . . . o . . . 
. . x . o . . o o o 
. . . x x x . . . o 
. o . o . . o o . . 
o o . . x . o . . . 
o o . . o . . . . . 
o . . . . o . o o . 
o . . o o . . . o . 
o . o o o . o . o o 
. o . . . . o . o o 
Your Board | Ships left: 5 | miss at 39
. . o . . . . . . o 
x x . . . . . . o o 
x . . o . o . . . . 
. . o o . . o . . o 
o x o . x . . o . o 
. . o o x . o . . o 
. . . o . . . o . o 
. o o . o o . . . o 
o . . o . . . o o . 
. . . o . . . o o o 
&amp#27;[H&amp#27;[2JEnemy Board | Ships left: 5 | miss at 32
. . . . . . o . . . 
. . x . o . . o o o 
. . . x x x . . . o 
. o o o . . o o . . 
o o . . x . o . . . 
o o . . o . . . . . 
o . . . . o . o o . 
o . . o o . . . o . 
o . o o o . o . o o 
. o . . . . o . o o 
Your Board | Ships left: 5 | miss at 16
. . o . . . . . . o 
x x . . . . o . o o 
x . . o . o . . . . 
. . o o . . o . . o 
o x o . x . . o . o 
. . o o x . o . . o 
. . . o . . . o . o 
. o o . o o . . . o 
o . . o . . . o o . 
. . . o . . . o o o 
&amp#27;[H&amp#27;[2JEnemy Board | Ships left: 5 | miss at 04
. . . . o . o . . . 
. . x . o . . o o o 
. . . x x x . . . o 
. o o o . . o o . . 
o o . . x . o . . . 
o o . . o . . . . . 
o . . . . o . o o . 
o . . o o . . . o . 
o . o o o . o . o o 
. o . . . . o . o o 
Your Board | Ships left: 5 | miss at 15
. . o . . . . . . o 
x x . . . o o . o o 
x . . o . o . . . . 
. . o o . . o . . o 
o x o . x . . o . o 
. . o o x . o . . o 
. . . o . . . o . o 
. o o . o o . . . o 
o . . o . . . o o . 
. . . o . . . o o o 
&amp#27;[H&amp#27;[2JEnemy Board | Ships left: 5 | miss at 07
. . . . o . o o . . 
. . x . o . . o o o 
. . . x x x . . . o 
. o o o . . o o . . 
o o . . x . o . . . 
o o . . o . . . . . 
o . . . . o . o o . 
o . . o o . . . o . 
o . o o o . o . o o 
. o . . . . o . o o 
Your Board | Ships left: 5 | miss at 85
. . o . . . . . . o 
x x . . . o o . o o 
x . . o . o . . . . 
. . o o . . o . . o 
o x o . x . . o . o 
. . o o x . o . . o 
. . . o . . . o . o 
. o o . o o . . . o 
o . . o . o . o o . 
. . . o . . . o o o 
&amp#27;[H&amp#27;[2JEnemy Board | Ships left: 5 | miss at 38
. . . . o . o o . . 
. . x . o . . o o o 
. . . x x x . . . o 
. o o o . . o o o . 
o o . . x . o . . . 
o o . . o . . . . . 
o . . . . o . o o . 
o . . o o . . . o . 
o . o o o . o . o o 
. o . . . . o . o o 
Your Board | Ships left: 5 | hit at 76
. . o . . . . . . o 
x x . . . o o . o o 
x . . o . o . . . . 
. . o o . . o . . o 
o x o . x . . o . o 
. . o o x . o . . o 
. . . o . . . o . o 
. o o . o o x . . o 
o . . o . o . o o . 
. . . o . . . o o o 
&amp#27;[H&amp#27;[2JEnemy Board | Ships left: 5 | miss at 28
. . . . o . o o . . 
. . x . o . . o o o 
. . . x x x . . o o 
. o o o . . o o o . 
o o . . x . o . . . 
o o . . o . . . . . 
o . . . . o . o o . 
o . . o o . . . o . 
o . o o o . o . o o 
. o . . . . o . o o 
Your Board | Ships left: 5 | miss at 96
. . o . . . . . . o 
x x . . . o o . o o 
x . . o . o . . . . 
. . o o . . o . . o 
o x o . x . . o . o 
. . o o x . o . . o 
. . . o . . . o . o 
. o o . o o x . . o 
o . . o . o . o o . 
. . . o . . o o o o 
&amp#27;[H&amp#27;[2JEnemy Board | Ships left: 5 | miss at 48
. . . . o . o o . . 
. . x . o . . o o o 
. . . x x x . . o o 
. o o o . . o o o . 
o o . . x . o . o . 
o o . . o . . . . . 
o . . . . o . o o . 
o . . o o . . . o . 
o . o o o . o . o o 
. o . . . . o . o o 
Your Board | Ships left: 5 | miss at 91
. . o . . . . . . o 
x x . . . o o . o o 
x . . o . o . . . . 
. . o o . . o . . o 
o x o . x . . o . o 
. . o o x . o . . o 
. . . o . . . o . o 
. o o . o o x . . o 
o . . o . o . o o . 
. o . o . . o o o o 
&amp#27;[H&amp#27;[2JEnemy Board | Ships left: 5 | miss at 63
. . . . o . o o . . 
. . x . o . . o o o 
. . . x x x . . o o 
. o o o . . o o o . 
o o . . x . o . o . 
o o . . o . . . . . 
o . . o . o . o o . 
o . . o o . . . o . 
o . o o o . o . o o 
. o . . . . o . o o 
Your Board | Ships left: 5 | miss at 12
. . o . . . . . . o 
x x o . . o o . o o 
x . . o . o . . . . 
. . o o . . o . . o 
o x o . x . . o . o 
. . o o x . o . . o 
. . . o . . . o . o 
. o o . o o x . . o 
o . . o . o . o o . 
. o . o . . o o o o 
&amp#27;[H&amp#27;[2JEnemy Board | Ships left: 5 | hit at 22
. . . . o . o o . . 
. . x . o . . o o o 
. . x x x x . . o o 
. o o o . . o o o . 
o o . . x . o . o . 
o o . . o . . . . . 
o . . o . o . o o . 
o . . o o . . . o . 
o . o o o . o . o o 
. o . . . . o . o o 
Your Board | Ships left: 5 | hit at 51
. . o . . . . . . o 
x x o . . o o . o o 
x . . o . o . . . . 
. . o o . . o . . o 
o x o . x . . o . o 
. x o o x . o . . o 
. . . o . . . o . o 
. o o . o o x . . o 
o . . o . o . o o . 
. o . o . . o o o o 
&amp#27;[H&amp#27;[2JEnemy Board | Ships left: 5 | miss at 35
. . . . o . o o . . 
. . x . o . . o o o 
. . x x x x . . o o 
. o o o . o o o o . 
o o . . x . o . o . 
o o . . o . . . . . 
o . . o . o . o o . 
o . . o o . . . o . 
o . o o o . o . o o 
. o . . . . o . o o 
Your Board | Ships left: 5 | miss at 45
. . o . . . . . . o 
x x o . . o o . o o 
x . . o . o . . . . 
. . o o . . o . . o 
o x o . x o . o . o 
. x o o x . o . . o 
. . . o . . . o . o 
. o o . o o x . . o 
o . . o . o . o o . 
. o . o . . o o o o 
&amp#27;[H&amp#27;[2JEnemy Board | Ships left: 5 | miss at 21
. . . . o . o o . . 
. . x . o . . o o o 
. o x x x x . . o o 
. o o o . o o o o . 
o o . . x . o . o . 
o o . . o . . . . . 
o . . o . o . o o . 
o . . o o . . . o . 
o . o o o . o . o o 
. o . . . . o . o o 
Your Board | Ships left: 5 | miss at 61
. . o . . . . . . o 
x x o . . o o . o o 
x . . o . o . . . . 
. . o o . . o . . o 
o x o . x o . o . o 
. x o o x . o . . o 
. o . o . . . o . o 
. o o . o o x . . o 
o . . o . o . o o . 
. o . o . . o o o o 
&amp#27;[H&amp#27;[2JEnemy Board | Ships left: 5 | miss at 42
. . . . o . o o . . 
. . x . o . . o o o 
. o x x x x . . o o 
. o o o . o o o o . 
o o o . x . o . o . 
o o . . o . . . . . 
o . . o . o . o o . 
o . . o o . . . o . 
o . o o o . o . o o 
. o . . . . o . o o 
Your Board | Ships left: 5 | miss at 28
. . o . . . . . . o 
x x o . . o o . o o 
x . . o . o . . o . 
. . o o . . o . . o 
o x o . x o . o . o 
. x o o x . o . . o 
. o . o . . . o . o 
. o o . o o x . . o 
o . . o . o . o o . 
. o . o . . o o o o 
&amp#27;[H&amp#27;[2JEnemy Board | Ships left: 5 | miss at 61
. . . . o . o o . . 
. . x . o . . o o o 
. o x x x x . . o o 
. o o o . o o o o . 
o o o . x . o . o . 
o o . . o . . . . . 
o o . o . o . o o . 
o . . o o . . . o . 
o . o o o . o . o o 
. o . . . . o . o o 
Your Board | Ships left: 5 | miss at 14
. . o . . . . . . o 
x x o . o o o . o o 
x . . o . o . . o . 
. . o o . . o . . o 
o x o . x o . o . o 
. x o o x . o . . o 
. o . o . . . o . o 
. o o . o o x . . o 
o . . o . o . o o . 
. o . o . . o o o o 
&amp#27;[H&amp#27;[2JEnemy Board | Ships left: 5 | miss at 27
. . . . o . o o . . 
. . x . o . . o o o 
. o x x x x . o o o 
. o o o . o o o o . 
o o o . x . o . o . 
o o . . o . . . . . 
o o . o . o . o o . 
o . . o o . . . o . 
o . o o o . o . o o 
. o . . . . o . o o 
Your Board | Ships left: 5 | miss at 03
. . o o . . . . . o 
x x o . o o o . o o 
x . . o . o . . o . 
. . o o . . o . . o 
o x o . x o . o . o 
. x o o x . o . . o 
. o . o . . . o . o 
. o o . o o x . . o 
o . . o . o . o o . 
. o . o . . o o o o 
&amp#27;[H&amp#27;[2JEnemy Board | Ships left: 5 | miss at 34
. . . . o . o o . . 
. . x . o . . o o o 
. o x x x x . o o o 
. o o o o o o o o . 
o o o . x . o . o . 
o o . . o . . . . . 
o o . o . o . o o . 
o . . o o . . . o . 
o . o o o . o . o o 
. o . . . . o . o o 
Your Board | Ships left: 5 | miss at 62
. . o o . . . . . o 
x x o . o o o . o o 
x . . o . o . . o . 
. . o o . . o . . o 
o x o . x o . o . o 
. x o o x . o . . o 
. o o o . . . o . o 
. o o . o o x . . o 
o . . o . o . o o . 
. o . o . . o o o o 
&amp#27;[H&amp#27;[2JEnemy Board | Ships left: 5 | miss at 92
. . . . o . o o . . 
. . x . o . . o o o 
. o x x x x . o o o 
. o o o o o o o o . 
o o o . x . o . o . 
o o . . o . . . . . 
o o . o . o . o o . 
o . . o o . . . o . 
o . o o o . o . o o 
. o o . . . o . o o 
Your Board | Ships left: 5 | miss at 90
. . o o . . . . . o 
x x o . o o o . o o 
x . . o . o . . o . 
. . o o . . o . . o 
o x o . x o . o . o 
. x o o x . o . . o 
. o o o . . . o . o 
. o o . o o x . . o 
o . . o . o . o o . 
o o . o . . o o o o 
&amp#27;[H&amp#27;[2JEnemy Board | Ships left: 5 | hit at 11
. . . . o . o o . . 
. x x . o . . o o o 
. o x x x x . o o o 
. o o o o o o o o . 
o o o . x . o . o . 
o o . . o . . . . . 
o o . o . o . o o . 
o . . o o . . . o . 
o . o o o . o . o o 
. o o . . . o . o o 
Your Board | Ships left: 5 | hit at 77
. . o o . . . . . o 
x x o . o o o . o o 
x . . o . o . . o . 
. . o o . . o . . o 
o x o . x o . o . o 
. x o o x . o . . o 
. o o o . . . o . o 
. o o . o o x x . o 
o . . o . o . o o . 
o o . o . . o o o o 
&amp#27;[H&amp#27;[2JEnemy Board | Ships left: 5 | hit at 01
. x . . o . o o . . 
. x x . o . . o o o 
. o x x x x . o o o 
. o o o o o o o o . 
o o o . x . o . o . 
o o . . o . . . . . 
o o . o . o . o o . 
o . . o o . . . o . 
o . o o o . o . o o 
. o o . . . o . o o 
Your Board | Ships left: 5 | miss at 92
. . o o . . . . . o 
x x o . o o o . o o 
x . . o . o . . o . 
. . o o . . o . . o 
o x o . x o . o . o 
. x o o x . o . . o 
. o o o . . . o . o 
. o o . o o x x . o 
o . . o . o . o o . 
o o o o . . o o o o 
&amp#27;[H&amp#27;[2JEnemy Board | Ships left: 5 | miss at 69
. x . . o . o o . . 
. x x . o . . o o o 
. o x x x x . o o o 
. o o o o o o o o . 
o o o . x . o . o . 
o o . . o . . . . . 
o o . o . o . o o o 
o . . o o . . . o . 
o . o o o . o . o o 
. o o . . . o . o o 
Your Board | Ships left: 5 | miss at 26
. . o o . . . . . o 
x x o . o o o . o o 
x . . o . o o . o . 
. . o o . . o . . o 
o x o . x o . o . o 
. x o o x . o . . o 
. o o o . . . o . o 
. o o . o o x x . o 
o . . o . o . o o . 
o o o o . . o o o o 
&amp#27;[H&amp#27;[2JEnemy Board | Ships left: 5 | miss at 81
. x . . o . o o . . 
. x x . o . . o o o 
. o x x x x . o o o 
. o o o o o o o o . 
o o o . x . o . o . 
o o . . o . . . . . 
o o . o . o . o o o 
o . . o o . . . o . 
o o o o o . o . o o 
. o o . . . o . o o 
Your Board | Ships left: 5 | hit at 86
. . o o . . . . . o 
x x o . o o o . o o 
x . . o . o o . o . 
. . o o . . o . . o 
o x o . x o . o . o 
. x o o x . o . . o 
. o o o . . . o . o 
. o o . o o x x . o 
o . . o . o x o o . 
o o o o . . o o o o 
&amp#27;[H&amp#27;[2JEnemy Board | Ships left: 4 | hit at 45
. x . . o . o o . . 
. x x . o . . o o o 
. o x x x x . o o o 
. o o o o o o o o . 
o o o . x x o . o . 
o o . . o . . . . . 
o o . o . o . o o o 
o . . o o . . . o . 
o o o o o . o . o o 
. o o . . . o . o o 
Your Board | Ships left: 5 | miss at 55
. . o o . . . . . o 
x x o . o o o . o o 
x . . o . o o . o . 
. . o o . . o . . o 
o x o . x o . o . o 
. x o o x o o . . o 
. o o o . . . o . o 
. o o . o o x x . o 
o . . o . o x o o . 
o o o o . . o o o o 
&amp#27;[H&amp#27;[2JEnemy Board | Ships left: 4 | hit at 03
. x . x o . o o . . 
. x x . o . . o o o 
. o x x x x . o o o 
. o o o o o o o o . 
o o o . x x o . o . 
o o . . o . . . . . 
o o . o . o . o o o 
o . . o o . . . o . 
o o o o o . o . o o 
. o o . . . o . o o 
Your Board | Ships left: 5 | hit at 21
. . o o . . . . . o 
x x o . o o o . o o 
x x . o . o o . o . 
. . o o . . o . . o 
o x o . x o . o . o 
. x o o x o o . . o 
. o o o . . . o . o 
. o o . o o x x . o 
o . . o . o x o o . 
o o o o . . o o o o 
&amp#27;[H&amp#27;[2JEnemy Board | Ships left: 4 | hit at 56
. x . x o . o o . . 
. x x . o . . o o o 
. o x x x x . o o o 
. o o o o o o o o . 
o o o . x x o . o . 
o o . . o . x . . . 
o o . o . o . o o o 
o . . o o . . . o . 
o o o o o . o . o o 
. o o . . . o . o o 
Your Board | Ships left: 5 | hit at 00
x . o o . . . . . o 
x x o . o o o . o o 
x x . o . o o . o . 
. . o o . . o . . o 
o x o . x o . o . o 
. x o o x o o . . o 
. o o o . . . o . o 
. o o . o o x x . o 
o . . o . o x o o . 
o o o o . . o o o o 
&amp#27;[H&amp#27;[2JEnemy Board | Ships left: 4 | miss at 49
. x . x o . o o . . 
. x x . o . . o o o 
. o x x x x . o o o 
. o o o o o o o o . 
o o o . x x o . o o 
o o . . o . x . . . 
o o . o . o . o o o 
o . . o o . . . o . 
o o o o o . o . o o 
. o o . . . o . o o 
Your Board | Ships left: 5 | miss at 70
x . o o . . . . . o 
x x o . o o o . o o 
x x . o . o o . o . 
. . o o . . o . . o 
o x o . x o . o . o 
. x o o x o o . . o 
. o o o . . . o . o 
o o o . o o x x . o 
o . . o . o x o o . 
o o o o . . o o o o 
&amp#27;[H&amp#27;[2JEnemy Board | Ships left: 4 | miss at 66
. x . x o . o o . . 
. x x . o . . o o o 
. o x x x x . o o o 
. o o o o o o o o . 
o o o . x x o . o o 
o o . . o . x . . . 
o o . o . o o o o o 
o . . o o . . . o . 
o o o o o . o . o o 
. o o . . . o . o o 
Your Board | Ships left: 5 | miss at 07
x . o o . . . o . o 
x x o . o o o . o o 
x x . o . o o . o . 
. . o o . . o . . o 
o x o . x o . o . o 
. x o o x o o . . o 
. o o o . . . o . o 
o o o . o o x x . o 
o . . o . o x o o . 
o o o o . . o o o o 
&amp#27;[H&amp#27;[2JEnemy Board | Ships left: 4 | miss at 75
. x . x o . o o . . 
. x x . o . . o o o 
. o x x x x . o o o 
. o o o o o o o o . 
o o o . x x o . o o 
o o . . o . x . . . 
o o . o . o o o o o 
o . . o o o . . o . 
o o o o o . o . o o 
. o o . . . o . o o 
Your Board | Ships left: 5 | miss at 95
x . o o . . . o . o 
x x o . o o o . o o 
x x . o . o o . o . 
. . o o . . o . . o 
o x o . x o . o . o 
. x o o x o o . . o 
. o o o . . . o . o 
o o o . o o x x . o 
o . . o . o x o o . 
o o o o . o o o o o 
&amp#27;[H&amp#27;[2JEnemy Board | Ships left: 4 | miss at 79
. x . x o . o o . . 
. x x . o . . o o o 
. o x x x x . o o o 
. o o o o o o o o . 
o o o . x x o . o o 
o o . . o . x . . . 
o o . o . o o o o o 
o . . o o o . . o o 
o o o o o . o . o o 
. o o . . . o . o o 
Your Board | Ships left: 5 | miss at 27
x . o o . . . o . o 
x x o . o o o . o o 
x x . o . o o o o . 
. . o o . . o . . o 
o x o . x o . o . o 
. x o o x o o . . o 
. o o o . . . o . o 
o o o . o o x x . o 
o . . o . o x o o . 
o o o o . o o o o o 
&amp#27;[H&amp#27;[2JEnemy Board | Ships left: 4 | hit at 02
. x x x o . o o . . 
. x x . o . . o o o 
. o x x x x . o o o 
. o o o o o o o o . 
o o o . x x o . o o 
o o . . o . x . . . 
o o . o . o o o o o 
o . . o o o . . o o 
o o o o o . o . o o 
. o o . . . o . o o 
Your Board | Ships left: 5 | miss at 17
x . o o . . . o . o 
x x o . o o o o o o 
x x . o . o o o o . 
. . o o . . o . . o 
o x o . x o . o . o 
. x o o x o o . . o 
. o o o . . . o . o 
o o o . o o x x . o 
o . . o . o x o o . 
o o o o . o o o o o 
&amp#27;[H&amp#27;[2JEnemy Board | Ships left: 4 | miss at 87
. x x x o . o o . . 
. x x . o . . o o o 
. o x x x x . o o o 
. o o o o o o o o . 
o o o . x x o . o o 
o o . . o . x . . . 
o o . o . o o o o o 
o . . o o o . . o o 
o o o o o . o o o o 
. o o . . . o . o o 
Your Board | Ships left: 5 | miss at 60
x . o o . . . o . o 
x x o . o o o o o o 
x x . o . o o o o . 
. . o o . . o . . o 
o x o . x o . o . o 
. x o o x o o . . o 
o o o o . . . o . o 
o o o . o o x x . o 
o . . o . o x o o . 
o o o o . o o o o o 
&amp#27;[H&amp#27;[2JEnemy Board | Ships left: 4 | hit at 55
. x x x o . o o . . 
. x x . o . . o o o 
. o x x x x . o o o 
. o o o o o o o o . 
o o o . x x o . o o 
o o . . o x x . . . 
o o . o . o o o o o 
o . . o o o . . o o 
o o o o o . o o o o 
. o o . . . o . o o 
Your Board | Ships left: 5 | miss at 73
x . o o . . . o . o 
x x o . o o o o o o 
x x . o . o o o o . 
. . o o . . o . . o 
o x o . x o . o . o 
. x o o x o o . . o 
o o o o . . . o . o 
o o o o o o x x . o 
o . . o . o x o o . 
o o o o . o o o o o 
&amp#27;[H&amp#27;[2JEnemy Board | Ships left: 4 | miss at 09
. x x x o . o o . o 
. x x . o . . o o o 
. o x x x x . o o o 
. o o o o o o o o . 
o o o . x x o . o o 
o o . . o x x . . . 
o o . o . o o o o o 
o . . o o o . . o o 
o o o o o . o o o o 
. o o . . . o . o o 
Your Board | Ships left: 4 | hit at 31
x . o o . . . o . o 
x x o . o o o o o o 
x x . o . o o o o . 
. x o o . . o . . o 
o x o . x o . o . o 
. x o o x o o . . o 
o o o o . . . o . o 
o o o o o o x x . o 
o . . o . o x o o . 
o o o o . o o o o o 
&amp#27;[H&amp#27;[2JEnemy Board | Ships left: 4 | miss at 64
. x x x o . o o . o 
. x x . o . . o o o 
. o x x x x . o o o 
. o o o o o o o o . 
o o o . x x o . o o 
o o . . o x x . . . 
o o . o o o o o o o 
o . . o o o . . o o 
o o o o o . o o o o 
. o o . . . o . o o 
Your Board | Ships left: 4 | miss at 65
x . o o . . . o . o 
x x o . o o o o o o 
x x . o . o o o o . 
. x o o . . o . . o 
o x o . x o . o . o 
. x o o x o o . . o 
o o o o . o . o . o 
o o o o o o x x . o 
o . . o . o x o o . 
o o o o . o o o o o 
&amp#27;[H&amp#27;[2JEnemy Board | Ships left: 3 | hit at 26
. x x x o . o o . o 
. x x . o . . o o o 
. o x x x x x o o o 
. o o o o o o o o . 
o o o . x x o . o o 
o o . . o x x . . . 
o o . o o o o o o o 
o . . o o o . . o o 
o o o o o . o o o o 
. o o . . . o . o o 
Your Board | Ships left: 3 | hit at 66
x . o o . . . o . o 
x x o . o o o o o o 
x x . o . o o o o . 
. x o o . . o . . o 
o x o . x o . o . o 
. x o o x o o . . o 
o o o o . o x o . o 
o o o o o o x x . o 
o . . o . o x o o . 
o o o o . o o o o o 
&amp#27;[H&amp#27;[2JEnemy Board | Ships left: 3 | miss at 10
. x x x o . o o . o 
o x x . o . . o o o 
. o x x x x x o o o 
. o o o o o o o o . 
o o o . x x o . o o 
o o . . o x x . . . 
o o . o o o o o o o 
o . . o o o . . o o 
o o o o o . o o o o 
. o o . . . o . o o 
Your Board | Ships left: 3 | miss at 05
x . o o . o . o . o 
x x o . o o o o o o 
x x . o . o o o o . 
. x o o . . o . . o 
o x o . x o . o . o 
. x o o x o o . . o 
o o o o . o x o . o 
o o o o o o x x . o 
o . . o . o x o o . 
o o o o . o o o o o 
&amp#27;[H&amp#27;[2JEnemy Board | Ships left: 3 | miss at 39
. x x x o . o o . o 
o x x . o . . o o o 
. o x x x x x o o o 
. o o o o o o o o o 
o o o . x x o . o o 
o o . . o x x . . . 
o o . o o o o o o o 
o . . o o o . . o o 
o o o o o . o o o o 
. o o . . . o . o o 
Your Board | Ships left: 3 | miss at 35
x . o o . o . o . o 
x x o . o o o o o o 
x x . o . o o o o . 
. x o o . o o . . o 
o x o . x o . o . o 
. x o o x o o . . o 
o o o o . o x o . o 
o o o o o o x x . o 
o . . o . o x o o . 
o o o o . o o o o o 
&amp#27;[H&amp#27;[2JEnemy Board | Ships left: 3 | miss at 16
. x x x o . o o . o 
o x x . o . o o o o 
. o x x x x x o o o 
. o o o o o o o o o 
o o o . x x o . o o 
o o . . o x x . . . 
o o . o o o o o o o 
o . . o o o . . o o 
o o o o o . o o o o 
. o o . . . o . o o 
Your Board | Ships left: 3 | miss at 13
x . o o . o . o . o 
x x o o o o o o o o 
x x . o . o o o o . 
. x o o . o o . . o 
o x o . x o . o . o 
. x o o x o o . . o 
o o o o . o x o . o 
o o o o o o x x . o 
o . . o . o x o o . 
o o o o . o o o o o 
&amp#27;[H&amp#27;[2JEnemy Board | Ships left: 3 | miss at 90
. x x x o . o o . o 
o x x . o . o o o o 
. o x x x x x o o o 
. o o o o o o o o o 
o o o . x x o . o o 
o o . . o x x . . . 
o o . o o o o o o o 
o . . o o o . . o o 
o o o o o . o o o o 
o o o . . . o . o o 
Your Board | Ships left: 3 | miss at 68
x . o o . o . o . o 
x x o o o o o o o o 
x x . o . o o o o . 
. x o o . o o . . o 
o x o . x o . o . o 
. x o o x o o . . o 
o o o o . o x o o o 
o o o o o o x x . o 
o . . o . o x o o . 
o o o o . o o o o o 
&amp#27;[H&amp#27;[2JEnemy Board | Ships left: 3 | miss at 97
. x x x o . o o . o 
o x x . o . o o o o 
. o x x x x x o o o 
. o o o o o o o o o 
o o o . x x o . o o 
o o . . o x x . . . 
o o . o o o o o o o 
o . . o o o . . o o 
o o o o o . o o o o 
o o o . . . o o o o 
Your Board | Ships left: 3 | miss at 50
x . o o . o . o . o 
x x o o o o o o o o 
x x . o . o o o o . 
. x o o . o o . . o 
o x o . x o . o . o 
o x o o x o o . . o 
o o o o . o x o o o 
o o o o o o x x . o 
o . . o . o x o o . 
o o o o . o o o o o 
&amp#27;[H&amp#27;[2JEnemy Board | Ships left: 3 | miss at 05
. x x x o o o o . o 
o x x . o . o o o o 
. o x x x x x o o o 
. o o o o o o o o o 
o o o . x x o . o o 
o o . . o x x . . . 
o o . o o o o o o o 
o . . o o o . . o o 
o o o o o . o o o o 
o o o . . . o o o o 
Your Board | Ships left: 2 | hit at 30
x . o o . o . o . o 
x x o o o o o o o o 
x x . o . o o o o . 
x x o o . o o . . o 
o x o . x o . o . o 
o x o o x o o . . o 
o o o o . o x o o o 
o o o o o o x x . o 
o . . o . o x o o . 
o o o o . o o o o o 
&amp#27;[H&amp#27;[2JEnemy Board | Ships left: 2 | hit at 57
. x x x o o o o . o 
o x x . o . o o o o 
. o x x x x x o o o 
. o o o o o o o o o 
o o o . x x o . o o 
o o . . o x x x . . 
o o . o o o o o o o 
o . . o o o . . o o 
o o o o o . o o o o 
o o o . . . o o o o 
Your Board | Ships left: 2 | miss at 24
x . o o . o . o . o 
x x o o o o o o o o 
x x . o o o o o o . 
x x o o . o o . . o 
o x o . x o . o . o 
o x o o x o o . . o 
o o o o . o x o o o 
o o o o o o x x . o 
o . . o . o x o o . 
o o o o . o o o o o 
&amp#27;[H&amp#27;[2JEnemy Board | Ships left: 2 | miss at 53
. x x x o o o o . o 
o x x . o . o o o o 
. o x x x x x o o o 
. o o o o o o o o o 
o o o . x x o . o o 
o o . o o x x x . . 
o o . o o o o o o o 
o . . o o o . . o o 
o o o o o . o o o o 
o o o . . . o o o o 
Your Board | Ships left: 2 | miss at 04
x . o o o o . o . o 
x x o o o o o o o o 
x x . o o o o o o . 
x x o o . o o . . o 
o x o . x o . o . o 
o x o o x o o . . o 
o o o o . o x o o o 
o o o o o o x x . o 
o . . o . o x o o . 
o o o o . o o o o o 
&amp#27;[H&amp#27;[2JEnemy Board | Ships left: 2 | miss at 15
. x x x o o o o . o 
o x x . o o o o o o 
. o x x x x x o o o 
. o o o o o o o o o 
o o o . x x o . o o 
o o . o o x x x . . 
o o . o o o o o o o 
o . . o o o . . o o 
o o o o o . o o o o 
o o o . . . o o o o 
Your Board | Ships left: 2 | miss at 57
x . o o o o . o . o 
x x o o o o o o o o 
x x . o o o o o o . 
x x o o . o o . . o 
o x o . x o . o . o 
o x o o x o o o . o 
o o o o . o x o o o 
o o o o o o x x . o 
o . . o . o x o o . 
o o o o . o o o o o 
&amp#27;[H&amp#27;[2JEnemy Board | Ships left: 1 | hit at 00
x x x x o o o o . o 
o x x . o o o o o o 
. o x x x x x o o o 
. o o o o o o o o o 
o o o . x x o . o o 
o o . o o x x x . . 
o o . o o o o o o o 
o . . o o o . . o o 
o o o o o . o o o o 
o o o . . . o o o o 
Your Board | Ships left: 2 | miss at 94
x . o o o o . o . o 
x x o o o o o o o o 
x x . o o o o o o . 
x x o o . o o . . o 
o x o . x o . o . o 
o x o o x o o o . o 
o o o o . o x o o o 
o o o o o o x x . o 
o . . o . o x o o . 
o o o o o o o o o o 
&amp#27;[H&amp#27;[2JEnemy Board | Ships left: 1 | miss at 72
x x x x o o o o . o 
o x x . o o o o o o 
. o x x x x x o o o 
. o o o o o o o o o 
o o o . x x o . o o 
o o . o o x x x . . 
o o . o o o o o o o 
o . o o o o . . o o 
o o o o o . o o o o 
o o o . . . o o o o 
Your Board | Ships left: 2 | miss at 37
x . o o o o . o . o 
x x o o o o o o o o 
x x . o o o o o o . 
x x o o . o o o . o 
o x o . x o . o . o 
o x o o x o o o . o 
o o o o . o x o o o 
o o o o o o x x . o 
o . . o . o x o o . 
o o o o o o o o o o 
&amp#27;[H&amp#27;[2JEnemy Board | Ships left: 1 | miss at 47
x x x x o o o o . o 
o x x . o o o o o o 
. o x x x x x o o o 
. o o o o o o o o o 
o o o . x x o o o o 
o o . o o x x x . . 
o o . o o o o o o o 
o . o o o o . . o o 
o o o o o . o o o o 
o o o . . . o o o o 
Your Board | Ships left: 2 | miss at 84
x . o o o o . o . o 
x x o o o o o o o o 
x x . o o o o o o . 
x x o o . o o o . o 
o x o . x o . o . o 
o x o o x o o o . o 
o o o o . o x o o o 
o o o o o o x x . o 
o . . o o o x o o . 
o o o o o o o o o o 
&amp#27;[H&amp#27;[2JEnemy Board | Ships left: 1 | miss at 77
x x x x o o o o . o 
o x x . o o o o o o 
. o x x x x x o o o 
. o o o o o o o o o 
o o o . x x o o o o 
o o . o o x x x . . 
o o . o o o o o o o 
o . o o o o . o o o 
o o o o o . o o o o 
o o o . . . o o o o 
Your Board | Ships left: 2 | miss at 89
x . o o o o . o . o 
x x o o o o o o o o 
x x . o o o o o o . 
x x o o . o o o . o 
o x o . x o . o . o 
o x o o x o o o . o 
o o o o . o x o o o 
o o o o o o x x . o 
o . . o o o x o o o 
o o o o o o o o o o 
&amp#27;[H&amp#27;[2JEnemy Board | Ships left: 1 | miss at 95
x x x x o o o o . o 
o x x . o o o o o o 
. o x x x x x o o o 
. o o o o o o o o o 
o o o . x x o o o o 
o o . o o x x x . . 
o o . o o o o o o o 
o . o o o o . o o o 
o o o o o . o o o o 
o o o . . o o o o o 
Your Board | Ships left: 2 | miss at 29
x . o o o o . o . o 
x x o o o o o o o o 
x x . o o o o o o o 
x x o o . o o o . o 
o x o . x o . o . o 
o x o o x o o o . o 
o o o o . o x o o o 
o o o o o o x x . o 
o . . o o o x o o o 
o o o o o o o o o o 
&amp#27;[H&amp#27;[2JEnemy Board | Ships left: 1 | miss at 20
x x x x o o o o . o 
o x x . o o o o o o 
o o x x x x x o o o 
. o o o o o o o o o 
o o o . x x o o o o 
o o . o o x x x . . 
o o . o o o o o o o 
o . o o o o . o o o 
o o o o o . o o o o 
o o o . . o o o o o 
Your Board | Ships left: 2 | miss at 46
x . o o o o . o . o 
x x o o o o o o o o 
x x . o o o o o o o 
x x o o . o o o . o 
o x o . x o o o . o 
o x o o x o o o . o 
o o o o . o x o o o 
o o o o o o x x . o 
o . . o o o x o o o 
o o o o o o o o o o 
&amp#27;[H&amp#27;[2JEnemy Board | Ships left: 1 | miss at 08
x x x x o o o o o o 
o x x . o o o o o o 
o o x x x x x o o o 
. o o o o o o o o o 
o o o . x x o o o o 
o o . o o x x x . . 
o o . o o o o o o o 
o . o o o o . o o o 
o o o o o . o o o o 
o o o . . o o o o o 
Your Board | Ships left: 2 | miss at 82
x . o o o o . o . o 
x x o o o o o o o o 
x x . o o o o o o o 
x x o o . o o o . o 
o x o . x o o o . o 
o x o o x o o o . o 
o o o o . o x o o o 
o o o o o o x x . o 
o . o o o o x o o o 
o o o o o o o o o o 
&amp#27;[H&amp#27;[2JEnemy Board | Ships left: 1 | miss at 30
x x x x o o o o o o 
o x x . o o o o o o 
o o x x x x x o o o 
o o o o o o o o o o 
o o o . x x o o o o 
o o . o o x x x . . 
o o . o o o o o o o 
o . o o o o . o o o 
o o o o o . o o o o 
o o o . . o o o o o 
Your Board | Ships left: 2 | miss at 01
x o o o o o . o . o 
x x o o o o o o o o 
x x . o o o o o o o 
x x o o . o o o . o 
o x o . x o o o . o 
o x o o x o o o . o 
o o o o . o x o o o 
o o o o o o x x . o 
o . o o o o x o o o 
o o o o o o o o o o 
&amp#27;[H&amp#27;[2JEnemy Board | Ships left: 1 | miss at 94
x x x x o o o o o o 
o x x . o o o o o o 
o o x x x x x o o o 
o o o o o o o o o o 
o o o . x x o o o o 
o o . o o x x x . . 
o o . o o o o o o o 
o . o o o o . o o o 
o o o o o . o o o o 
o o o . o o o o o o 
Your Board | Ships left: 2 | miss at 06
x o o o o o o o . o 
x x o o o o o o o o 
x x . o o o o o o o 
x x o o . o o o . o 
o x o . x o o o . o 
o x o o x o o o . o 
o o o o . o x o o o 
o o o o o o x x . o 
o . o o o o x o o o 
o o o o o o o o o o 
&amp#27;[H&amp#27;[2JEnemy Board | Ships left: 1 | miss at 59
x x x x o o o o o o 
o x x . o o o o o o 
o o x x x x x o o o 
o o o o o o o o o o 
o o o . x x o o o o 
o o . o o x x x . o 
o o . o o o o o o o 
o . o o o o . o o o 
o o o o o . o o o o 
o o o . o o o o o o 
Your Board | Ships left: 2 | miss at 22
x o o o o o o o . o 
x x o o o o o o o o 
x x o o o o o o o o 
x x o o . o o o . o 
o x o . x o o o . o 
o x o o x o o o . o 
o o o o . o x o o o 
o o o o o o x x . o 
o . o o o o x o o o 
o o o o o o o o o o 
&amp#27;[H&amp#27;[2JEnemy Board | Ships left: 1 | miss at 85
x x x x o o o o o o 
o x x . o o o o o o 
o o x x x x x o o o 
o o o o o o o o o o 
o o o . x x o o o o 
o o . o o x x x . o 
o o . o o o o o o o 
o . o o o o . o o o 
o o o o o o o o o o 
o o o . o o o o o o 
Your Board | Ships left: 1 | hit at 64
x o o o o o o o . o 
x x o o o o o o o o 
x x o o o o o o o o 
x x o o . o o o . o 
o x o . x o o o . o 
o x o o x o o o . o 
o o o o x o x o o o 
o o o o o o x x . o 
o . o o o o x o o o 
o o o o o o o o o o 
&amp#27;[H&amp#27;[2JEnemy Board | Ships left: 1 | miss at 62
x x x x o o o o o o 
o x x . o o o o o o 
o o x x x x x o o o 
o o o o o o o o o o 
o o o . x x o o o o 
o o . o o x x x . o 
o o o o o o o o o o 
o . o o o o . o o o 
o o o o o o o o o o 
o o o . o o o o o o 
Your Board | Ships left: 1 | miss at 38
x o o o o o o o . o 
x x o o o o o o o o 
x x o o o o o o o o 
x x o o . o o o o o 
o x o . x o o o . o 
o x o o x o o o . o 
o o o o x o x o o o 
o o o o o o x x . o 
o . o o o o x o o o 
o o o o o o o o o o 
&amp#27;[H&amp#27;[2JEnemy Board | Ships left: 1 | miss at 58
x x x x o o o o o o 
o x x . o o o o o o 
o o x x x x x o o o 
o o o o o o o o o o 
o o o . x x o o o o 
o o . o o x x x o o 
o o o o o o o o o o 
o . o o o o . o o o 
o o o o o o o o o o 
o o o . o o o o o o 
Your Board | Ships left: 1 | miss at 58
x o o o o o o o . o 
x x o o o o o o o o 
x x o o o o o o o o 
x x o o . o o o o o 
o x o . x o o o . o 
o x o o x o o o o o 
o o o o x o x o o o 
o o o o o o x x . o 
o . o o o o x o o o 
o o o o o o o o o o 
]]></system-out>
  </testcase>
  <testcase name="SinglePlayerStartGame" classname="GameControllerTest" time="0.0"/>
</testsuite>